2025-10-21 11:01:00 | DEBUG | repo=password-keeper | action=commit
2024-12-18 17:22:00 | INFO | repo=password-keeper | action=edit | files=1
2025-04-14 12:17:00 | DEBUG | repo=password-keeper | action=commit
2025-11-14 17:14:00 | WARN | repo=password-keeper | action=commit
2024-07-27 14:03:00 | DEBUG | repo=password-keeper | action=commit
2025-11-10 21:12:00 | INFO | repo=password-keeper | action=test | passed=true
2025-12-10 10:32:00 | WARN | repo=password-keeper | action=commit
2024-04-13 08:57:00 | WARN | repo=password-keeper | action=commit
2024-10-06 08:56:00 | WARN | repo=password-keeper | action=commit
2025-03-24 08:13:00 | WARN | repo=password-keeper | action=commit
2024-12-06 15:47:00 | WARN | repo=password-keeper | action=pull
2025-05-02 14:16:00 | WARN | repo=password-keeper | action=test | passed=true
2025-09-13 07:59:00 | DEBUG | repo=password-keeper | action=commit
2024-02-24 11:32:00 | INFO | repo=password-keeper | action=test | passed=true
2025-07-24 12:04:00 | INFO | repo=password-keeper | action=commit
2024-07-10 20:57:00 | WARN | repo=password-keeper | action=commit
2025-02-27 11:36:00 | WARN | repo=password-keeper | action=test | passed=true
2024-08-22 17:41:00 | WARN | repo=password-keeper | action=pull
2024-06-26 20:45:00 | WARN | repo=password-keeper | action=edit | files=1
2025-11-01 20:34:00 | DEBUG | repo=password-keeper | action=commit
2024-02-06 16:52:00 | DEBUG | repo=password-keeper | action=edit | files=3
2024-10-10 08:45:00 | WARN | repo=password-keeper | action=pull
2025-02-05 17:22:00 | WARN | repo=password-keeper | action=commit
